[ERROR|DupFinder.py:get_target_filename:346] 
		msg: target filename exists
target: C:\Users\Maste\_My Stuff\Pictures\__delete these pictures, they are duplicates___\2010-04-27 23.34.26.jpg

[ERROR|DupFinder.py:get_target_filename:346] 
		msg: target filename exists
target: C:\Users\Maste\_My Stuff\Pictures\__delete these pictures, they are duplicates___\2010-07-02 11.29.31.jpg

[ERROR|DupFinder.py:get_target_filename:346] 
		msg: target filename exists
target: C:\Users\Maste\_My Stuff\Pictures\__delete these pictures, they are duplicates___\2010-05-03 08.07.38.jpg

[ERROR|DupFinder.py:get_target_filename:346] 
		msg: target filename exists
target: C:\Users\Maste\_My Stuff\Pictures\__delete these pictures, they are duplicates___\2010-07-02 18.38.19.jpg

[ERROR|DupFinder.py:get_target_filename:346] 
		msg: target filename exists
target: C:\Users\Maste\_My Stuff\Pictures\__delete these pictures, they are duplicates___\2010-04-27 23.33.44.jpg

[ERROR|DupFinder.py:get_target_filename:346] 
		msg: target filename exists
target: C:\Users\Maste\_My Stuff\Pictures\__delete these pictures, they are duplicates___\2010-06-23 08.10.12.jpg

[ERROR|DupFinder.py:get_target_filename:346] 
		msg: target filename exists
target: C:\Users\Maste\_My Stuff\Pictures\__delete these pictures, they are duplicates___\2010-05-30 16.49.23.jpg

[ERROR|DupFinder.py:get_target_filename:346] 
		msg: target filename exists
target: C:\Users\Maste\_My Stuff\Pictures\__delete these pictures, they are duplicates___\2010-06-06 21.20.38.jpg

[ERROR|DupFinder.py:get_target_filename:346] 
		msg: target filename exists
target: C:\Users\Maste\_My Stuff\Pictures\__delete these pictures, they are duplicates___\2010-05-06 18.36.49.jpg

[ERROR|DupFinder.py:get_target_filename:346] 
		msg: target filename exists
target: C:\Users\Maste\_My Stuff\Pictures\__delete these pictures, they are duplicates___\2010-05-28 23.49.19.jpg

[ERROR|DupFinder.py:get_target_filename:346] 
		msg: target filename exists
target: C:\Users\Maste\_My Stuff\Pictures\__delete these pictures, they are duplicates___\2010-04-27 23.34.15.jpg

[ERROR|DupFinder.py:get_target_filename:346] 
		msg: target filename exists
target: C:\Users\Maste\_My Stuff\Pictures\__delete these pictures, they are duplicates___\2010-07-02 11.35.09.jpg

[ERROR|DupFinder.py:get_target_filename:346] 
		msg: target filename exists
target: C:\Users\Maste\_My Stuff\Pictures\__delete these pictures, they are duplicates___\2010-04-27 23.33.14.jpg

[ERROR|DupFinder.py:get_target_filename:346] 
		msg: target filename exists
target: C:\Users\Maste\_My Stuff\Pictures\__delete these pictures, they are duplicates___\2010-05-08 09.37.25.jpg

[ERROR|DupFinder.py:get_target_filename:346] 
		msg: target filename exists
target: C:\Users\Maste\_My Stuff\Pictures\__delete these pictures, they are duplicates___\2010-05-04 08.56.59.jpg

[ERROR|DupFinder.py:get_target_filename:346] 
		msg: target filename exists
target: C:\Users\Maste\_My Stuff\Pictures\__delete these pictures, they are duplicates___\2010-04-06 07.08.45.jpg

[ERROR|DupFinder.py:get_target_filename:346] 
		msg: target filename exists
target: C:\Users\Maste\_My Stuff\Pictures\__delete these pictures, they are duplicates___\2010-04-27 23.32.03.jpg

[ERROR|DupFinder.py:get_target_filename:346] 
		msg: target filename exists
target: C:\Users\Maste\_My Stuff\Pictures\__delete these pictures, they are duplicates___\2010-07-02 11.35.04.jpg

[ERROR|DupFinder.py:get_target_filename:346] 
		msg: target filename exists
target: C:\Users\Maste\_My Stuff\Pictures\__delete these pictures, they are duplicates___\2010-04-07 07.30.25.jpg

[ERROR|DupFinder.py:get_target_filename:346] 
		msg: target filename exists
target: C:\Users\Maste\_My Stuff\Pictures\__delete these pictures, they are duplicates___\2010-04-27 23.32.57.jpg

[ERROR|DupFinder.py:get_target_filename:346] 
		msg: target filename exists
target: C:\Users\Maste\_My Stuff\Pictures\__delete these pictures, they are duplicates___\2010-05-30 16.58.51.jpg

[ERROR|DupFinder.py:get_target_filename:346] 
		msg: target filename exists
target: C:\Users\Maste\_My Stuff\Pictures\__delete these pictures, they are duplicates___\2010-07-02 11.30.41.jpg

[ERROR|DupFinder.py:get_target_filename:346] 
		msg: target filename exists
target: C:\Users\Maste\_My Stuff\Pictures\__delete these pictures, they are duplicates___\2010-05-25 15.10.02.jpg

[ERROR|DupFinder.py:get_target_filename:346] 
		msg: target filename exists
target: C:\Users\Maste\_My Stuff\Pictures\__delete these pictures, they are duplicates___\2010-05-24 17.52.36.jpg

[ERROR|DupFinder.py:get_target_filename:346] 
		msg: target filename exists
target: C:\Users\Maste\_My Stuff\Pictures\__delete these pictures, they are duplicates___\2010-07-02 11.25.37.jpg

[ERROR|DupFinder.py:get_target_filename:346] 
		msg: target filename exists
target: C:\Users\Maste\_My Stuff\Pictures\__delete these pictures, they are duplicates___\2010-07-02 11.28.50.jpg

[ERROR|DupFinder.py:get_target_filename:346] 
		msg: target filename exists
target: C:\Users\Maste\_My Stuff\Pictures\__delete these pictures, they are duplicates___\2010-07-02 11.30.16.jpg

[ERROR|DupFinder.py:get_target_filename:346] 
		msg: target filename exists
target: C:\Users\Maste\_My Stuff\Pictures\__delete these pictures, they are duplicates___\2010-04-07 07.18.50.jpg

[ERROR|DupFinder.py:get_target_filename:346] 
		msg: target filename exists
target: C:\Users\Maste\_My Stuff\Pictures\__delete these pictures, they are duplicates___\2010-06-06 21.20.53.jpg

[ERROR|DupFinder.py:get_target_filename:346] 
		msg: target filename exists
target: C:\Users\Maste\_My Stuff\Pictures\__delete these pictures, they are duplicates___\2010-04-07 07.18.10.jpg

[ERROR|DupFinder.py:get_target_filename:346] 
		msg: target filename exists
target: C:\Users\Maste\_My Stuff\Pictures\__delete these pictures, they are duplicates___\2010-04-06 07.08.31.jpg

[ERROR|DupFinder.py:get_target_filename:346] 
		msg: target filename exists
target: C:\Users\Maste\_My Stuff\Pictures\__delete these pictures, they are duplicates___\2010-07-02 11.32.52.jpg

[ERROR|DupFinder.py:get_target_filename:346] 
		msg: target filename exists
target: C:\Users\Maste\_My Stuff\Pictures\__delete these pictures, they are duplicates___\2010-04-06 07.08.56.jpg

[ERROR|DupFinder.py:get_target_filename:346] 
		msg: target filename exists
target: C:\Users\Maste\_My Stuff\Pictures\__delete these pictures, they are duplicates___\2010-06-23 08.15.21.jpg

[ERROR|DupFinder.py:get_target_filename:346] 
		msg: target filename exists
target: C:\Users\Maste\_My Stuff\Pictures\__delete these pictures, they are duplicates___\2010-05-02 10.27.09.jpg

[ERROR|DupFinder.py:get_target_filename:346] 
		msg: target filename exists
target: C:\Users\Maste\_My Stuff\Pictures\__delete these pictures, they are duplicates___\2010-05-20 01.33.32.jpg

[ERROR|DupFinder.py:get_target_filename:346] 
		msg: target filename exists
target: C:\Users\Maste\_My Stuff\Pictures\__delete these pictures, they are duplicates___\2010-05-08 09.42.05.jpg

[ERROR|DupFinder.py:get_target_filename:346] 
		msg: target filename exists
target: C:\Users\Maste\_My Stuff\Pictures\__delete these pictures, they are duplicates___\2010-05-06 18.36.44.jpg

[ERROR|DupFinder.py:get_target_filename:346] 
		msg: target filename exists
target: C:\Users\Maste\_My Stuff\Pictures\__delete these pictures, they are duplicates___\2010-05-25 15.10.47.jpg

[ERROR|DupFinder.py:get_target_filename:346] 
		msg: target filename exists
target: C:\Users\Maste\_My Stuff\Pictures\__delete these pictures, they are duplicates___\2010-05-03 08.07.47.jpg

[ERROR|DupFinder.py:get_target_filename:346] 
		msg: target filename exists
target: C:\Users\Maste\_My Stuff\Pictures\__delete these pictures, they are duplicates___\2010-05-25 15.10.16.jpg

[ERROR|DupFinder.py:get_target_filename:346] 
		msg: target filename exists
target: C:\Users\Maste\_My Stuff\Pictures\__delete these pictures, they are duplicates___\2010-05-28 23.48.45.jpg

[ERROR|DupFinder.py:get_target_filename:346] 
		msg: target filename exists
target: C:\Users\Maste\_My Stuff\Pictures\__delete these pictures, they are duplicates___\2010-05-18 11.20.27.jpg

[ERROR|DupFinder.py:get_target_filename:346] 
		msg: target filename exists
target: C:\Users\Maste\_My Stuff\Pictures\__delete these pictures, they are duplicates___\2010-07-02 11.30.04.jpg

[ERROR|DupFinder.py:get_target_filename:346] 
		msg: target filename exists
target: C:\Users\Maste\_My Stuff\Pictures\__delete these pictures, they are duplicates___\2010-05-24 17.53.18.jpg

[ERROR|DupFinder.py:get_target_filename:346] 
		msg: target filename exists
target: C:\Users\Maste\_My Stuff\Pictures\__delete these pictures, they are duplicates___\2010-07-05 11.28.07.jpg

[ERROR|DupFinder.py:get_target_filename:346] 
		msg: target filename exists
target: C:\Users\Maste\_My Stuff\Pictures\__delete these pictures, they are duplicates___\2010-06-06 21.22.19.jpg

[ERROR|DupFinder.py:get_target_filename:346] 
		msg: target filename exists
target: C:\Users\Maste\_My Stuff\Pictures\__delete these pictures, they are duplicates___\2010-05-16 18.28.32.jpg

[ERROR|DupFinder.py:get_target_filename:346] 
		msg: target filename exists
target: C:\Users\Maste\_My Stuff\Pictures\__delete these pictures, they are duplicates___\2010-04-27 23.32.49.jpg

[ERROR|DupFinder.py:get_target_filename:346] 
		msg: target filename exists
target: C:\Users\Maste\_My Stuff\Pictures\__delete these pictures, they are duplicates___\2010-05-08 09.44.24.jpg

[ERROR|DupFinder.py:get_target_filename:346] 
		msg: target filename exists
target: C:\Users\Maste\_My Stuff\Pictures\__delete these pictures, they are duplicates___\2010-05-24 17.52.15.jpg

[ERROR|DupFinder.py:get_target_filename:346] 
		msg: target filename exists
target: C:\Users\Maste\_My Stuff\Pictures\__delete these pictures, they are duplicates___\2010-06-16 20.23.09.jpg

[ERROR|DupFinder.py:get_target_filename:346] 
		msg: target filename exists
target: C:\Users\Maste\_My Stuff\Pictures\__delete these pictures, they are duplicates___\2010-05-03 08.07.13.jpg

[ERROR|DupFinder.py:get_target_filename:346] 
		msg: target filename exists
target: C:\Users\Maste\_My Stuff\Pictures\__delete these pictures, they are duplicates___\2010-05-18 12.53.39.jpg

[ERROR|DupFinder.py:get_target_filename:346] 
		msg: target filename exists
target: C:\Users\Maste\_My Stuff\Pictures\__delete these pictures, they are duplicates___\2010-07-02 11.31.38.jpg

[ERROR|DupFinder.py:get_target_filename:346] 
		msg: target filename exists
target: C:\Users\Maste\_My Stuff\Pictures\__delete these pictures, they are duplicates___\2010-07-02 11.29.43.jpg

[ERROR|DupFinder.py:get_target_filename:346] 
		msg: target filename exists
target: C:\Users\Maste\_My Stuff\Pictures\__delete these pictures, they are duplicates___\2010-06-01 18.30.08.jpg

[ERROR|DupFinder.py:get_target_filename:346] 
		msg: target filename exists
target: C:\Users\Maste\_My Stuff\Pictures\__delete these pictures, they are duplicates___\2010-04-27 23.34.04.jpg

[ERROR|DupFinder.py:get_target_filename:346] 
		msg: target filename exists
target: C:\Users\Maste\_My Stuff\Pictures\__delete these pictures, they are duplicates___\2010-05-28 23.49.05.jpg

[ERROR|DupFinder.py:get_target_filename:346] 
		msg: target filename exists
target: C:\Users\Maste\_My Stuff\Pictures\__delete these pictures, they are duplicates___\2010-07-02 14.53.29.jpg

[ERROR|DupFinder.py:get_target_filename:346] 
		msg: target filename exists
target: C:\Users\Maste\_My Stuff\Pictures\__delete these pictures, they are duplicates___\2010-07-02 11.25.53.jpg

[ERROR|DupFinder.py:get_target_filename:346] 
		msg: target filename exists
target: C:\Users\Maste\_My Stuff\Pictures\__delete these pictures, they are duplicates___\2010-06-01 18.32.53.jpg

[ERROR|DupFinder.py:get_target_filename:346] 
		msg: target filename exists
target: C:\Users\Maste\_My Stuff\Pictures\__delete these pictures, they are duplicates___\2010-05-25 15.11.18.jpg

[ERROR|DupFinder.py:get_target_filename:346] 
		msg: target filename exists
target: C:\Users\Maste\_My Stuff\Pictures\__delete these pictures, they are duplicates___\2010-07-02 11.29.23.jpg

[ERROR|DupFinder.py:get_target_filename:346] 
		msg: target filename exists
target: C:\Users\Maste\_My Stuff\Pictures\__delete these pictures, they are duplicates___\2010-07-02 11.25.59.jpg

[ERROR|DupFinder.py:get_target_filename:346] 
		msg: target filename exists
target: C:\Users\Maste\_My Stuff\Pictures\__delete these pictures, they are duplicates___\2010-05-25 15.10.06.jpg

[ERROR|DupFinder.py:get_target_filename:346] 
		msg: target filename exists
target: C:\Users\Maste\_My Stuff\Pictures\__delete these pictures, they are duplicates___\2010-06-01 18.34.31.jpg

[ERROR|DupFinder.py:get_target_filename:346] 
		msg: target filename exists
target: C:\Users\Maste\_My Stuff\Pictures\__delete these pictures, they are duplicates___\2010-05-30 16.49.36.jpg

[ERROR|DupFinder.py:get_target_filename:346] 
		msg: target filename exists
target: C:\Users\Maste\_My Stuff\Pictures\__delete these pictures, they are duplicates___\2010-05-28 23.48.54.jpg

[ERROR|DupFinder.py:get_target_filename:346] 
		msg: target filename exists
target: C:\Users\Maste\_My Stuff\Pictures\__delete these pictures, they are duplicates___\2010-05-20 01.31.52.jpg

[ERROR|DupFinder.py:get_target_filename:346] 
		msg: target filename exists
target: C:\Users\Maste\_My Stuff\Pictures\__delete these pictures, they are duplicates___\2010-06-01 18.32.41.jpg

[ERROR|DupFinder.py:get_target_filename:346] 
		msg: target filename exists
target: C:\Users\Maste\_My Stuff\Pictures\__delete these pictures, they are duplicates___\2010-05-28 23.48.34.jpg

[ERROR|DupFinder.py:get_target_filename:346] 
		msg: target filename exists
target: C:\Users\Maste\_My Stuff\Pictures\__delete these pictures, they are duplicates___\2010-05-08 09.37.31.jpg

[ERROR|DupFinder.py:get_target_filename:346] 
		msg: target filename exists
target: C:\Users\Maste\_My Stuff\Pictures\__delete these pictures, they are duplicates___\2010-04-07 07.30.18.jpg

[ERROR|DupFinder.py:get_target_filename:346] 
		msg: target filename exists
target: C:\Users\Maste\_My Stuff\Pictures\__delete these pictures, they are duplicates___\2010-07-02 11.36.04.jpg

[ERROR|DupFinder.py:get_target_filename:346] 
		msg: target filename exists
target: C:\Users\Maste\_My Stuff\Pictures\__delete these pictures, they are duplicates___\2010-06-06 21.21.07.jpg

[ERROR|DupFinder.py:get_target_filename:346] 
		msg: target filename exists
target: C:\Users\Maste\_My Stuff\Pictures\__delete these pictures, they are duplicates___\2010-04-27 23.32.14.jpg

[ERROR|DupFinder.py:get_target_filename:346] 
		msg: target filename exists
target: C:\Users\Maste\_My Stuff\Pictures\__delete these pictures, they are duplicates___\2010-05-02 10.28.11.jpg

[ERROR|DupFinder.py:get_target_filename:346] 
		msg: target filename exists
target: C:\Users\Maste\_My Stuff\Pictures\__delete these pictures, they are duplicates___\2010-07-02 11.34.21.jpg

[ERROR|DupFinder.py:get_target_filename:346] 
		msg: target filename exists
target: C:\Users\Maste\_My Stuff\Pictures\__delete these pictures, they are duplicates___\2010-05-25 15.10.33.jpg

[ERROR|DupFinder.py:get_target_filename:346] 
		msg: target filename exists
target: C:\Users\Maste\_My Stuff\Pictures\__delete these pictures, they are duplicates___\2010-07-05 11.37.09.jpg

[ERROR|DupFinder.py:get_target_filename:346] 
		msg: target filename exists
target: C:\Users\Maste\_My Stuff\Pictures\__delete these pictures, they are duplicates___\2010-05-08 09.32.02.jpg

[ERROR|DupFinder.py:get_target_filename:346] 
		msg: target filename exists
target: C:\Users\Maste\_My Stuff\Pictures\__delete these pictures, they are duplicates___\2010-06-01 18.33.05.jpg

[ERROR|DupFinder.py:get_target_filename:346] 
		msg: target filename exists
target: C:\Users\Maste\_My Stuff\Pictures\__delete these pictures, they are duplicates___\2010-05-25 15.09.47.jpg

[ERROR|DupFinder.py:get_target_filename:346] 
		msg: target filename exists
target: C:\Users\Maste\_My Stuff\Pictures\__delete these pictures, they are duplicates___\2010-04-07 07.16.32.jpg

[ERROR|DupFinder.py:get_target_filename:346] 
		msg: target filename exists
target: C:\Users\Maste\_My Stuff\Pictures\__delete these pictures, they are duplicates___\2010-07-02 11.31.33.jpg

[ERROR|DupFinder.py:get_target_filename:346] 
		msg: target filename exists
target: C:\Users\Maste\_My Stuff\Pictures\__delete these pictures, they are duplicates___\2010-06-01 18.34.48.jpg

[ERROR|DupFinder.py:get_target_filename:346] 
		msg: target filename exists
target: C:\Users\Maste\_My Stuff\Pictures\__delete these pictures, they are duplicates___\2010-04-07 07.16.39.jpg

[ERROR|DupFinder.py:get_target_filename:346] 
		msg: target filename exists
target: C:\Users\Maste\_My Stuff\Pictures\__delete these pictures, they are duplicates___\2010-05-18 12.52.57.jpg

[ERROR|DupFinder.py:get_target_filename:346] 
		msg: target filename exists
target: C:\Users\Maste\_My Stuff\Pictures\__delete these pictures, they are duplicates___\2010-05-25 15.10.42.jpg

[ERROR|DupFinder.py:get_target_filename:346] 
		msg: target filename exists
target: C:\Users\Maste\_My Stuff\Pictures\__delete these pictures, they are duplicates___\2010-05-18 11.19.49.jpg

[ERROR|DupFinder.py:get_target_filename:346] 
		msg: target filename exists
target: C:\Users\Maste\_My Stuff\Pictures\__delete these pictures, they are duplicates___\2010-05-08 09.44.35.jpg

[ERROR|DupFinder.py:get_target_filename:346] 
		msg: target filename exists
target: C:\Users\Maste\_My Stuff\Pictures\__delete these pictures, they are duplicates___\2010-05-20 01.31.20.jpg

[ERROR|DupFinder.py:get_target_filename:346] 
		msg: target filename exists
target: C:\Users\Maste\_My Stuff\Pictures\__delete these pictures, they are duplicates___\2010-05-03 08.08.02.jpg

[ERROR|DupFinder.py:get_target_filename:346] 
		msg: target filename exists
target: C:\Users\Maste\_My Stuff\Pictures\__delete these pictures, they are duplicates___\2010-05-25 15.50.48.jpg

[ERROR|DupFinder.py:get_target_filename:346] 
		msg: target filename exists
target: C:\Users\Maste\_My Stuff\Pictures\__delete these pictures, they are duplicates___\2010-04-25 11.41.57.jpg

[ERROR|DupFinder.py:get_target_filename:346] 
		msg: target filename exists
target: C:\Users\Maste\_My Stuff\Pictures\__delete these pictures, they are duplicates___\2010-07-02 11.29.13.jpg

[ERROR|DupFinder.py:get_target_filename:346] 
		msg: target filename exists
target: C:\Users\Maste\_My Stuff\Pictures\__delete these pictures, they are duplicates___\46200_107227986000272_100001392144436_66009_7590963_n-1.jpg

[ERROR|DupFinder.py:get_target_filename:346] 
		msg: target filename exists
target: C:\Users\Maste\_My Stuff\Pictures\__delete these pictures, they are duplicates___\2010-06-01 18.34.59.jpg

[ERROR|DupFinder.py:get_target_filename:346] 
		msg: target filename exists
target: C:\Users\Maste\_My Stuff\Pictures\__delete these pictures, they are duplicates___\2010-05-24 17.52.44.jpg

[ERROR|DupFinder.py:get_target_filename:346] 
		msg: target filename exists
target: C:\Users\Maste\_My Stuff\Pictures\__delete these pictures, they are duplicates___\2010-07-05 11.36.49.jpg

[ERROR|DupFinder.py:get_target_filename:346] 
		msg: target filename exists
target: C:\Users\Maste\_My Stuff\Pictures\__delete these pictures, they are duplicates___\2010-05-16 19.20.56.jpg

[ERROR|DupFinder.py:get_target_filename:346] 
		msg: target filename exists
target: C:\Users\Maste\_My Stuff\Pictures\__delete these pictures, they are duplicates___\2010-05-02 10.27.42.jpg

[ERROR|DupFinder.py:get_target_filename:346] 
		msg: target filename exists
target: C:\Users\Maste\_My Stuff\Pictures\__delete these pictures, they are duplicates___\2010-04-27 23.30.47.jpg

[ERROR|DupFinder.py:get_target_filename:346] 
		msg: target filename exists
target: C:\Users\Maste\_My Stuff\Pictures\__delete these pictures, they are duplicates___\2010-05-08 09.37.49.jpg

[ERROR|DupFinder.py:get_target_filename:346] 
		msg: target filename exists
target: C:\Users\Maste\_My Stuff\Pictures\__delete these pictures, they are duplicates___\2010-05-08 09.38.05.jpg

[ERROR|DupFinder.py:get_target_filename:346] 
		msg: target filename exists
target: C:\Users\Maste\_My Stuff\Pictures\__delete these pictures, they are duplicates___\2010-06-10 18.50.08.jpg

[ERROR|DupFinder.py:get_target_filename:346] 
		msg: target filename exists
target: C:\Users\Maste\_My Stuff\Pictures\__delete these pictures, they are duplicates___\img_20100925_113654.jpg

[ERROR|DupFinder.py:get_target_filename:346] 
		msg: target filename exists
target: C:\Users\Maste\_My Stuff\Pictures\__delete these pictures, they are duplicates___\2010-06-06 21.21.19.jpg

[ERROR|DupFinder.py:get_target_filename:346] 
		msg: target filename exists
target: C:\Users\Maste\_My Stuff\Pictures\__delete these pictures, they are duplicates___\2010-05-06 18.36.53.jpg

[ERROR|DupFinder.py:get_target_filename:346] 
		msg: target filename exists
target: C:\Users\Maste\_My Stuff\Pictures\__delete these pictures, they are duplicates___\2010-04-05 08.31.18.jpg

[ERROR|DupFinder.py:get_target_filename:346] 
		msg: target filename exists
target: C:\Users\Maste\_My Stuff\Pictures\__delete these pictures, they are duplicates___\2010-04-27 23.34.46.jpg

[ERROR|DupFinder.py:get_target_filename:346] 
		msg: target filename exists
target: C:\Users\Maste\_My Stuff\Pictures\__delete these pictures, they are duplicates___\2010-05-06 18.22.28.jpg

[ERROR|DupFinder.py:get_target_filename:346] 
		msg: target filename exists
target: C:\Users\Maste\_My Stuff\Pictures\__delete these pictures, they are duplicates___\2010-05-30 16.59.02.jpg

[ERROR|DupFinder.py:get_target_filename:346] 
		msg: target filename exists
target: C:\Users\Maste\_My Stuff\Pictures\__delete these pictures, they are duplicates___\2010-07-02 11.29.47.jpg

[ERROR|DupFinder.py:get_target_filename:346] 
		msg: target filename exists
target: C:\Users\Maste\_My Stuff\Pictures\__delete these pictures, they are duplicates___\2010-05-20 01.33.46.jpg

[ERROR|DupFinder.py:get_target_filename:346] 
		msg: target filename exists
target: C:\Users\Maste\_My Stuff\Pictures\__delete these pictures, they are duplicates___\2010-05-02 10.28.19.jpg

[ERROR|DupFinder.py:get_target_filename:346] 
		msg: target filename exists
target: C:\Users\Maste\_My Stuff\Pictures\__delete these pictures, they are duplicates___\2010-05-18 12.31.07.jpg

[ERROR|DupFinder.py:get_target_filename:346] 
		msg: target filename exists
target: C:\Users\Maste\_My Stuff\Pictures\__delete these pictures, they are duplicates___\2010-07-02 11.28.32.jpg

[ERROR|DupFinder.py:get_target_filename:346] 
		msg: target filename exists
target: C:\Users\Maste\_My Stuff\Pictures\__delete these pictures, they are duplicates___\2010-05-28 23.48.18.jpg

[ERROR|DupFinder.py:get_target_filename:346] 
		msg: target filename exists
target: C:\Users\Maste\_My Stuff\Pictures\__delete these pictures, they are duplicates___\2010-07-05 11.36.37.jpg

[ERROR|DupFinder.py:get_target_filename:346] 
		msg: target filename exists
target: C:\Users\Maste\_My Stuff\Pictures\__delete these pictures, they are duplicates___\2010-05-30 16.59.15.jpg

[ERROR|DupFinder.py:get_target_filename:346] 
		msg: target filename exists
target: C:\Users\Maste\_My Stuff\Pictures\__delete these pictures, they are duplicates___\2010-04-07 07.18.56.jpg

[ERROR|DupFinder.py:get_target_filename:346] 
		msg: target filename exists
target: C:\Users\Maste\_My Stuff\Pictures\__delete these pictures, they are duplicates___\2010-07-05 11.37.31.jpg

[ERROR|DupFinder.py:get_target_filename:346] 
		msg: target filename exists
target: C:\Users\Maste\_My Stuff\Pictures\__delete these pictures, they are duplicates___\2010-05-18 12.30.48.jpg

[ERROR|DupFinder.py:get_target_filename:346] 
		msg: target filename exists
target: C:\Users\Maste\_My Stuff\Pictures\__delete these pictures, they are duplicates___\2010-06-23 08.09.36.jpg

[ERROR|DupFinder.py:get_target_filename:346] 
		msg: target filename exists
target: C:\Users\Maste\_My Stuff\Pictures\__delete these pictures, they are duplicates___\2010-05-08 09.05.21.jpg

[ERROR|DupFinder.py:get_target_filename:346] 
		msg: target filename exists
target: C:\Users\Maste\_My Stuff\Pictures\__delete these pictures, they are duplicates___\2010-05-25 15.11.09.jpg

[ERROR|DupFinder.py:get_target_filename:346] 
		msg: target filename exists
target: C:\Users\Maste\_My Stuff\Pictures\__delete these pictures, they are duplicates___\2010-05-25 15.11.13.jpg

[ERROR|DupFinder.py:get_target_filename:346] 
		msg: target filename exists
target: C:\Users\Maste\_My Stuff\Pictures\__delete these pictures, they are duplicates___\2010-04-25 11.41.12.jpg

[ERROR|DupFinder.py:get_target_filename:346] 
		msg: target filename exists
target: C:\Users\Maste\_My Stuff\Pictures\__delete these pictures, they are duplicates___\2010-05-25 15.10.21.jpg

[ERROR|DupFinder.py:get_target_filename:346] 
		msg: target filename exists
target: C:\Users\Maste\_My Stuff\Pictures\__delete these pictures, they are duplicates___\2010-06-06 21.21.56.jpg

[ERROR|DupFinder.py:get_target_filename:346] 
		msg: target filename exists
target: C:\Users\Maste\_My Stuff\Pictures\__delete these pictures, they are duplicates___\2010-05-30 16.49.43.jpg

[ERROR|DupFinder.py:get_target_filename:346] 
		msg: target filename exists
target: C:\Users\Maste\_My Stuff\Pictures\__delete these pictures, they are duplicates___\2010-07-02 11.32.24.jpg

[ERROR|DupFinder.py:get_target_filename:346] 
		msg: target filename exists
target: C:\Users\Maste\_My Stuff\Pictures\__delete these pictures, they are duplicates___\2010-05-19 02.57.35.jpg

[ERROR|DupFinder.py:get_target_filename:346] 
		msg: target filename exists
target: C:\Users\Maste\_My Stuff\Pictures\__delete these pictures, they are duplicates___\2010-05-30 16.58.27.jpg

[ERROR|DupFinder.py:get_target_filename:346] 
		msg: target filename exists
target: C:\Users\Maste\_My Stuff\Pictures\__delete these pictures, they are duplicates___\2010-04-25 11.41.25.jpg

[ERROR|DupFinder.py:get_target_filename:346] 
		msg: target filename exists
target: C:\Users\Maste\_My Stuff\Pictures\__delete these pictures, they are duplicates___\2010-05-20 01.33.09.jpg

[ERROR|DupFinder.py:get_target_filename:346] 
		msg: target filename exists
target: C:\Users\Maste\_My Stuff\Pictures\__delete these pictures, they are duplicates___\2010-05-08 09.42.11.jpg

[ERROR|DupFinder.py:get_target_filename:346] 
		msg: target filename exists
target: C:\Users\Maste\_My Stuff\Pictures\__delete these pictures, they are duplicates___\2010-06-16 20.23.24.jpg

[ERROR|DupFinder.py:get_target_filename:346] 
		msg: target filename exists
target: C:\Users\Maste\_My Stuff\Pictures\__delete these pictures, they are duplicates___\2010-04-27 23.33.23.jpg

[ERROR|DupFinder.py:get_target_filename:346] 
		msg: target filename exists
target: C:\Users\Maste\_My Stuff\Pictures\__delete these pictures, they are duplicates___\2010-05-06 18.36.59.jpg

[ERROR|DupFinder.py:get_target_filename:346] 
		msg: target filename exists
target: C:\Users\Maste\_My Stuff\Pictures\__delete these pictures, they are duplicates___\2010-07-02 11.33.30.jpg

[ERROR|DupFinder.py:get_target_filename:346] 
		msg: target filename exists
target: C:\Users\Maste\_My Stuff\Pictures\__delete these pictures, they are duplicates___\2010-04-07 07.30.31.jpg

[ERROR|DupFinder.py:get_target_filename:346] 
		msg: target filename exists
target: C:\Users\Maste\_My Stuff\Pictures\__delete these pictures, they are duplicates___\2010-04-06 07.08.38.jpg

[ERROR|DupFinder.py:get_target_filename:346] 
		msg: target filename exists
target: C:\Users\Maste\_My Stuff\Pictures\__delete these pictures, they are duplicates___\2010-07-02 11.30.34.jpg

[ERROR|DupFinder.py:get_target_filename:346] 
		msg: target filename exists
target: C:\Users\Maste\_My Stuff\Pictures\__delete these pictures, they are duplicates___\2010-05-08 09.05.27.jpg

[ERROR|DupFinder.py:get_target_filename:346] 
		msg: target filename exists
target: C:\Users\Maste\_My Stuff\Pictures\__delete these pictures, they are duplicates___\2010-04-27 23.33.56.jpg

[ERROR|DupFinder.py:get_target_filename:346] 
		msg: target filename exists
target: C:\Users\Maste\_My Stuff\Pictures\__delete these pictures, they are duplicates___\2010-06-23 08.10.01.jpg

[ERROR|DupFinder.py:get_target_filename:346] 
		msg: target filename exists
target: C:\Users\Maste\_My Stuff\Pictures\__delete these pictures, they are duplicates___\2010-05-04 15.49.20.jpg

[ERROR|DupFinder.py:get_target_filename:346] 
		msg: target filename exists
target: C:\Users\Maste\_My Stuff\Pictures\__delete these pictures, they are duplicates___\2010-05-16 19.21.21.jpg

[ERROR|DupFinder.py:get_target_filename:346] 
		msg: target filename exists
target: C:\Users\Maste\_My Stuff\Pictures\__delete these pictures, they are duplicates___\2010-07-02 11.29.53.jpg

[ERROR|DupFinder.py:get_target_filename:346] 
		msg: target filename exists
target: C:\Users\Maste\_My Stuff\Pictures\__delete these pictures, they are duplicates___\2010-06-23 08.09.18.jpg

[ERROR|DupFinder.py:get_target_filename:346] 
		msg: target filename exists
target: C:\Users\Maste\_My Stuff\Pictures\__delete these pictures, they are duplicates___\2010-07-02 11.25.13.jpg

[ERROR|DupFinder.py:get_target_filename:346] 
		msg: target filename exists
target: C:\Users\Maste\_My Stuff\Pictures\__delete these pictures, they are duplicates___\2010-07-02 11.32.31.jpg

[ERROR|DupFinder.py:get_target_filename:346] 
		msg: target filename exists
target: C:\Users\Maste\_My Stuff\Pictures\__delete these pictures, they are duplicates___\2010-07-02 11.36.10.jpg

[ERROR|DupFinder.py:get_target_filename:346] 
		msg: target filename exists
target: C:\Users\Maste\_My Stuff\Pictures\__delete these pictures, they are duplicates___\2010-07-01 08.15.36.jpg

[ERROR|DupFinder.py:get_target_filename:346] 
		msg: target filename exists
target: C:\Users\Maste\_My Stuff\Pictures\__delete these pictures, they are duplicates___\2010-05-08 09.41.58.jpg

[ERROR|DupFinder.py:get_target_filename:346] 
		msg: target filename exists
target: C:\Users\Maste\_My Stuff\Pictures\__delete these pictures, they are duplicates___\2010-05-25 15.10.09.jpg

[ERROR|DupFinder.py:get_target_filename:346] 
		msg: target filename exists
target: C:\Users\Maste\_My Stuff\Pictures\__delete these pictures, they are duplicates___\2010-04-25 11.39.14.jpg

[ERROR|DupFinder.py:get_target_filename:346] 
		msg: target filename exists
target: C:\Users\Maste\_My Stuff\Pictures\__delete these pictures, they are duplicates___\2010-05-19 02.57.26.jpg

[ERROR|DupFinder.py:get_target_filename:346] 
		msg: target filename exists
target: C:\Users\Maste\_My Stuff\Pictures\__delete these pictures, they are duplicates___\2010-05-20 01.32.10.jpg

[ERROR|DupFinder.py:get_target_filename:346] 
		msg: target filename exists
target: C:\Users\Maste\_My Stuff\Pictures\__delete these pictures, they are duplicates___\2010-06-23 08.22.44.jpg

[ERROR|DupFinder.py:get_target_filename:346] 
		msg: target filename exists
target: C:\Users\Maste\_My Stuff\Pictures\__delete these pictures, they are duplicates___\2010-06-10 18.56.20.jpg

[ERROR|DupFinder.py:get_target_filename:346] 
		msg: target filename exists
target: C:\Users\Maste\_My Stuff\Pictures\__delete these pictures, they are duplicates___\2010-07-02 11.34.55.jpg

[ERROR|DupFinder.py:get_target_filename:346] 
		msg: target filename exists
target: C:\Users\Maste\_My Stuff\Pictures\__delete these pictures, they are duplicates___\2010-05-30 16.49.30.jpg

[ERROR|DupFinder.py:get_target_filename:346] 
		msg: target filename exists
target: C:\Users\Maste\_My Stuff\Pictures\__delete these pictures, they are duplicates___\2010-05-25 15.10.51.jpg

[ERROR|DupFinder.py:get_target_filename:346] 
		msg: target filename exists
target: C:\Users\Maste\_My Stuff\Pictures\__delete these pictures, they are duplicates___\2010-07-02 11.29.17.jpg

[ERROR|DupFinder.py:get_target_filename:346] 
		msg: target filename exists
target: C:\Users\Maste\_My Stuff\Pictures\__delete these pictures, they are duplicates___\2010-05-06 18.22.08.jpg

[ERROR|DupFinder.py:get_target_filename:346] 
		msg: target filename exists
target: C:\Users\Maste\_My Stuff\Pictures\__delete these pictures, they are duplicates___\2010-06-10 18.48.57.jpg

[ERROR|DupFinder.py:get_target_filename:346] 
		msg: target filename exists
target: C:\Users\Maste\_My Stuff\Pictures\__delete these pictures, they are duplicates___\2010-07-02 11.25.00.jpg

[ERROR|DupFinder.py:get_target_filename:346] 
		msg: target filename exists
target: C:\Users\Maste\_My Stuff\Pictures\__delete these pictures, they are duplicates___\2010-07-02 11.30.27.jpg

[ERROR|DupFinder.py:get_target_filename:346] 
		msg: target filename exists
target: C:\Users\Maste\_My Stuff\Pictures\__delete these pictures, they are duplicates___\2010-05-02 10.27.35.jpg

[ERROR|DupFinder.py:get_target_filename:346] 
		msg: target filename exists
target: C:\Users\Maste\_My Stuff\Pictures\__delete these pictures, they are duplicates___\2010-05-25 15.11.05.jpg

[ERROR|DupFinder.py:get_target_filename:346] 
		msg: target filename exists
target: C:\Users\Maste\_My Stuff\Pictures\__delete these pictures, they are duplicates___\2010-06-23 08.15.08.jpg

[ERROR|DupFinder.py:get_target_filename:346] 
		msg: target filename exists
target: C:\Users\Maste\_My Stuff\Pictures\__delete these pictures, they are duplicates___\downloadfile-7.jpeg

[ERROR|DupFinder.py:get_target_filename:346] 
		msg: target filename exists
target: C:\Users\Maste\_My Stuff\Pictures\__delete these pictures, they are duplicates___\2010-07-05 11.28.29.jpg

[ERROR|DupFinder.py:get_target_filename:346] 
		msg: target filename exists
target: C:\Users\Maste\_My Stuff\Pictures\__delete these pictures, they are duplicates___\2010-05-18 12.31.21.jpg

[ERROR|DupFinder.py:get_target_filename:346] 
		msg: target filename exists
target: C:\Users\Maste\_My Stuff\Pictures\__delete these pictures, they are duplicates___\2010-07-05 11.36.44.jpg

[ERROR|DupFinder.py:get_target_filename:346] 
		msg: target filename exists
target: C:\Users\Maste\_My Stuff\Pictures\__delete these pictures, they are duplicates___\2010-06-20 15.19.26.jpg

[ERROR|DupFinder.py:get_target_filename:346] 
		msg: target filename exists
target: C:\Users\Maste\_My Stuff\Pictures\__delete these pictures, they are duplicates___\2010-05-08 09.05.16.jpg

[ERROR|DupFinder.py:get_target_filename:346] 
		msg: target filename exists
target: C:\Users\Maste\_My Stuff\Pictures\__delete these pictures, they are duplicates___\2010-04-27 23.31.19.jpg

[ERROR|DupFinder.py:get_target_filename:346] 
		msg: target filename exists
target: C:\Users\Maste\_My Stuff\Pictures\__delete these pictures, they are duplicates___\2010-06-01 18.29.58.jpg

[ERROR|DupFinder.py:get_target_filename:346] 
		msg: target filename exists
target: C:\Users\Maste\_My Stuff\Pictures\__delete these pictures, they are duplicates___\2010-05-25 15.51.01.jpg

[ERROR|DupFinder.py:get_target_filename:346] 
		msg: target filename exists
target: C:\Users\Maste\_My Stuff\Pictures\__delete these pictures, they are duplicates___\2010-04-07 07.18.45.jpg

[ERROR|DupFinder.py:get_target_filename:346] 
		msg: target filename exists
target: C:\Users\Maste\_My Stuff\Pictures\__delete these pictures, they are duplicates___\2010-07-02 11.25.47.jpg

[ERROR|DupFinder.py:get_target_filename:346] 
		msg: target filename exists
target: C:\Users\Maste\_My Stuff\Pictures\__delete these pictures, they are duplicates___\198107 - Dad.jpg

[ERROR|DupFinder.py:get_target_filename:346] 
		msg: target filename exists
target: C:\Users\Maste\_My Stuff\Pictures\__delete these pictures, they are duplicates___\scan0012.jpg

[ERROR|DupFinder.py:get_target_filename:346] 
		msg: target filename exists
target: C:\Users\Maste\_My Stuff\Pictures\__delete these pictures, they are duplicates___\scan0012_.jpg

[ERROR|DupFinder.py:get_target_filename:346] 
		msg: target filename exists
target: C:\Users\Maste\_My Stuff\Pictures\__delete these pictures, they are duplicates___\scan0019.jpg

[ERROR|DupFinder.py:get_target_filename:346] 
		msg: target filename exists
target: C:\Users\Maste\_My Stuff\Pictures\__delete these pictures, they are duplicates___\scan0019_.jpg

[ERROR|DupFinder.py:get_target_filename:346] 
		msg: target filename exists
target: C:\Users\Maste\_My Stuff\Pictures\__delete these pictures, they are duplicates___\198107 - Grammy & Kittens.jpg

[ERROR|DupFinder.py:get_target_filename:346] 
		msg: target filename exists
target: C:\Users\Maste\_My Stuff\Pictures\__delete these pictures, they are duplicates___\198303 - mom.jpg

[ERROR|DupFinder.py:get_target_filename:346] 
		msg: target filename exists
target: C:\Users\Maste\_My Stuff\Pictures\__delete these pictures, they are duplicates___\scan0021.jpg

[ERROR|DupFinder.py:get_target_filename:346] 
		msg: target filename exists
target: C:\Users\Maste\_My Stuff\Pictures\__delete these pictures, they are duplicates___\scan0021_.jpg

[ERROR|DupFinder.py:get_target_filename:346] 
		msg: target filename exists
target: C:\Users\Maste\_My Stuff\Pictures\__delete these pictures, they are duplicates___\1983 - Michele.jpg

[ERROR|DupFinder.py:get_target_filename:346] 
		msg: target filename exists
target: C:\Users\Maste\_My Stuff\Pictures\__delete these pictures, they are duplicates___\scan0001.jpg

[ERROR|DupFinder.py:get_target_filename:346] 
		msg: target filename exists
target: C:\Users\Maste\_My Stuff\Pictures\__delete these pictures, they are duplicates___\198107 - Dad & Moose.jpg

